p/1.jpg 1 0 0 3000 4000
p/6.jpg 1 0 0 3000 4000
p/5.jpg 1 0 0 3000 4000
p/4.jpg 1 0 0 3000 4000
p/2.jpg 1 0 0 3000 4000
p/3.jpg 1 0 0 4000 3000
p/668e1544b03d00f1fed45869fb6b3f07--grany-smith-apple-tree.jpg 1 0 0 294 300
p/1637184703546.jpg 1 0 0 333 333
p/Apple-Leprechaun.jpg 1 0 0 800 800
p/1637184703544.jpg 1 0 0 200 300
p/1637184703543.jpg 1 0 0 1010 569
p/1637184703555.jpg 1 0 0 640 446
p/1637184703554.jpg 1 0 0 3500 2329
p/1637184703553.jpg 1 0 0 3500 2329
p/1637184703552.jpg 1 0 0 474 315
p/1637184845048.jpg 1 0 0 1569 1606
p/79e21478edb11a6d1e87a4c1fbb260d7.jpg 1 0 0 546 648
p/bulb-closeup-close-up-clove-color-colorful-colour-cook-cookery-thumbnail.jpg 1 0 0 338 330
p/1637184845047.jpg 1 0 0 614 625
p/onion-1-1486373.jpg 1 0 0 586 440
p/1637184845046.jpg 1 0 0 600 600
p/1637184845045.jpg 1 0 0 500 398
p/1637184845043.jpg 1 0 0 470 500
p/1637184975485.jpg 1 0 0 2759 2688
p/1637184703550.jpg 1 0 0 272 362
p/1637184703549.jpg 1 0 0 500 375
p/1637184703548.jpg 1 0 0 616 626
p/1637184703547.jpg 1 0 0 1200 630
p/1637184703541.jpg 1 0 0 800 534
p/1637184703551.jpg 1 0 0 474 371
p/1637184975490.jpg 1 0 0 1121 1000
p/1637184975488.jpg 1 0 0 1280 720
p/1637184975487.jpg 1 0 0 599 668
p/1637184975486.jpg 1 0 0 660 660
p/R.jpg 1 0 0 250 250
p/OIP.jpg 1 0 0 262 280
p/1637184975489.jpg 1 0 0 400 300
p/1637184952432.jpg 1 0 0 474 248
p/71041da54ae92f0485a4fbdfde31c753ded4827e_319576_01.jpeg 1 0 0 488 488
p/1637184952431.jpg 1 0 0 474 474
p/1637184952430.jpg 1 0 0 800 800
p/R.png 1 0 0 906 906
p/1637184975484.jpg 1 0 0 3000 4000
p/app9.jpg 1 0 0 1010 569
p/app8.jpg 1 0 0 640 446
p/app7.jpg 1 0 0 770 512
p/app6.jpg 1 0 0 470 470
p/app5.jpg 1 0 0 474 517
p/app4.jpg 1 0 0 300 300
p/app3.jpg 1 0 0 300 330
p/app2.jpg 1 0 0 270 238
p/app.jpg 1 0 0 216 217
p/tom4.jpg 1 0 0 291 291
p/tom3.jpg 1 0 0 300 300
p/tom2.jpg 1 0 0 515 534
p/tom.jpg 1 0 0 474 592
p/carr5.png 1 0 0 300 200
p/CARR4.jpg 1 0 0 315 200
p/carr3.jpg 1 0 0 1153 1600
p/carr2.jpg 1 0 0 750 499
p/carr.png 1 0 0 458 458
p/carr.jpg 1 0 0 474 474
p/20210828_130426.jpg 1 0 0 3000 4000
p/20210828_130422.jpg 1 0 0 3000 4000
p/orange004S(1).JPG 1 0 0 816 612
p/orange003S(6).JPG 1 0 0 816 612
p/orange003S(5).JPG 1 0 0 816 612
p/orange002S(2).JPG 1 0 0 816 612
p/orange001S(1).JPG 1 0 0 816 612
p/grape002T(9).JPG 1 0 0 816 612
p/grape002T(8).JPG 1 0 0 816 612
p/grape002T(7).JPG 1 0 0 816 612
p/grape002T(6).JPG 1 0 0 816 612
p/grape002T(5).JPG 1 0 0 816 612
p/grape002T(4).JPG 1 0 0 816 612
p/grape002T(3).JPG 1 0 0 816 612
p/grape002T(2).JPG 1 0 0 816 612
p/grape002T(17).JPG 1 0 0 816 612
p/grape002T(16).JPG 1 0 0 816 612
p/grape002T(15).JPG 1 0 0 816 612
p/grape002T(14).JPG 1 0 0 816 612
p/grape002T(13).JPG 1 0 0 816 612
p/grape002T(12).JPG 1 0 0 816 612
p/grape002T(11).JPG 1 0 0 816 612
p/grape002T(10).JPG 1 0 0 816 612
p/grape002T(1).JPG 1 0 0 816 612
p/grape002S(9).JPG 1 0 0 816 612
p/grape002S(8).JPG 1 0 0 816 612
p/grape002S(7).JPG 1 0 0 816 612
p/grape002S(6).JPG 1 0 0 816 612
p/grape002S(5).JPG 1 0 0 816 612
p/grape002S(4).JPG 1 0 0 816 612
p/grape002S(3).JPG 1 0 0 816 612
p/grape002S(2).JPG 1 0 0 816 612
p/grape002S(17).JPG 1 0 0 816 612
p/grape002S(16).JPG 1 0 0 816 612
p/grape002S(15).JPG 1 0 0 816 612
p/grape002S(14).JPG 1 0 0 816 612
p/grape002S(13).JPG 1 0 0 816 612
p/grape002S(12).JPG 1 0 0 816 612
p/grape002S(11).JPG 1 0 0 816 612
p/grape002S(10).JPG 1 0 0 816 612
p/grape002S(1).JPG 1 0 0 816 612
p/grape001T(9).JPG 1 0 0 816 612
p/grape001T(8).JPG 1 0 0 816 612
p/grape001T(7).JPG 1 0 0 816 612
p/grape001T(6).JPG 1 0 0 816 612
p/grape001T(5).JPG 1 0 0 816 612
p/grape001T(4).JPG 1 0 0 816 612
p/grape001T(3).JPG 1 0 0 816 612
p/grape001T(2).JPG 1 0 0 816 612
p/grape001T(12).JPG 1 0 0 816 612
p/grape001T(11).JPG 1 0 0 816 612
p/grape001T(10).JPG 1 0 0 816 612
p/grape001T(1).JPG 1 0 0 816 612
p/grape001S(9).JPG 1 0 0 816 612
p/grape001S(8).JPG 1 0 0 816 612
p/grape001S(7).JPG 1 0 0 816 612
p/grape001S(6).JPG 1 0 0 816 612
p/grape001S(5).JPG 1 0 0 816 612
p/grape001S(4).JPG 1 0 0 816 612
p/grape001S(3).JPG 1 0 0 816 612
p/grape001S(2).JPG 1 0 0 816 612
p/grape001S(12).JPG 1 0 0 816 612
p/grape001S(11).JPG 1 0 0 816 612
p/grape001S(10).JPG 1 0 0 816 612
p/grape001S(1).JPG 1 0 0 816 612
p/banana015T(8).JPG 1 0 0 504 378
p/banana015T(7).JPG 1 0 0 504 378
p/banana015T(6).JPG 1 0 0 504 378
p/banana015T(5).JPG 1 0 0 504 378
p/banana015T(4).JPG 1 0 0 504 378
p/banana015T(3).JPG 1 0 0 504 378
p/banana015T(2).JPG 1 0 0 504 378
p/banana015T(1).JPG 1 0 0 504 378
p/banana015S(8).JPG 1 0 0 504 378
p/banana015S(7).JPG 1 0 0 504 378
p/banana015S(6).JPG 1 0 0 504 378
p/banana015S(5).JPG 1 0 0 504 378
p/banana015S(4).JPG 1 0 0 504 378
p/banana015S(3).JPG 1 0 0 504 378
p/banana015S(2).JPG 1 0 0 504 378
p/banana015S(1).JPG 1 0 0 504 378
p/banana014T(9).JPG 1 0 0 816 612
p/banana014T(8).JPG 1 0 0 816 612
p/banana014T(7).JPG 1 0 0 816 612
p/banana014T(6).JPG 1 0 0 816 612
p/banana014T(5).JPG 1 0 0 816 612
p/banana014T(4).JPG 1 0 0 816 612
p/banana014T(3).JPG 1 0 0 612 612
p/banana014T(2).JPG 1 0 0 816 612
p/banana014T(10).JPG 1 0 0 816 612
p/banana014T(1).JPG 1 0 0 816 612
p/banana014S(9).JPG 1 0 0 816 612
p/banana014S(8).JPG 1 0 0 816 612
p/banana014S(7).JPG 1 0 0 816 612
p/banana014S(6).JPG 1 0 0 816 612
p/banana014S(5).JPG 1 0 0 816 612
p/banana014S(4).JPG 1 0 0 816 612
p/banana014S(3).JPG 1 0 0 816 612
p/banana014S(2).JPG 1 0 0 816 612
p/banana014S(10).JPG 1 0 0 816 612
p/banana014S(1).JPG 1 0 0 816 612
p/banana013T(9).JPG 1 0 0 816 612
p/banana013T(8).JPG 1 0 0 816 612
p/banana013T(7).JPG 1 0 0 816 612
p/banana013T(6).JPG 1 0 0 816 612
p/banana013T(5).JPG 1 0 0 816 612
p/banana013T(4).JPG 1 0 0 816 612
p/banana013T(3).JPG 1 0 0 816 612
p/banana013T(2).JPG 1 0 0 816 612
p/banana013T(12).JPG 1 0 0 816 612
p/banana013T(11).JPG 1 0 0 816 612
p/banana013T(10).JPG 1 0 0 816 612
p/banana013T(1).JPG 1 0 0 816 612
p/banana013S(9).JPG 1 0 0 816 612
p/banana013S(8).JPG 1 0 0 816 612
p/banana013S(7).JPG 1 0 0 816 612
p/banana013S(6).JPG 1 0 0 816 612
p/banana013S(5).JPG 1 0 0 816 612
p/banana013S(4).JPG 1 0 0 816 612
p/banana013S(3).JPG 1 0 0 816 612
p/banana013S(2).JPG 1 0 0 816 612
p/banana013S(12).JPG 1 0 0 816 612
p/banana013S(11).JPG 1 0 0 816 612
p/banana013S(10).JPG 1 0 0 816 612
p/banana013S(1).JPG 1 0 0 816 612
p/banana012T(8).JPG 1 0 0 816 612
p/banana012T(7).JPG 1 0 0 816 612
p/banana012T(6).JPG 1 0 0 816 612
p/banana012T(5).JPG 1 0 0 816 612
p/banana012T(4).JPG 1 0 0 816 612
p/banana012T(3).JPG 1 0 0 816 612
p/banana012T(2).JPG 1 0 0 816 612
p/banana012T(1).JPG 1 0 0 816 612
p/banana012S(8).JPG 1 0 0 816 612
p/banana012S(7).JPG 1 0 0 816 612
p/banana012S(6).JPG 1 0 0 816 612
p/banana012S(5).JPG 1 0 0 816 612
p/banana012S(4).JPG 1 0 0 816 612
p/banana012S(3).JPG 1 0 0 816 612
p/banana012S(2).JPG 1 0 0 816 612
p/banana012S(1).JPG 1 0 0 816 612
p/banana011T(9).JPG 1 0 0 816 612
p/banana011T(8).JPG 1 0 0 816 612
p/banana011T(7).JPG 1 0 0 816 612
p/banana011T(6).JPG 1 0 0 816 612
p/banana011T(5).JPG 1 0 0 816 612
p/banana011T(4).JPG 1 0 0 816 612
p/banana011T(3).JPG 1 0 0 816 612
p/banana011T(2).JPG 1 0 0 816 612
p/banana011T(1).JPG 1 0 0 816 612
p/banana011S(9).JPG 1 0 0 816 612
p/banana011S(8).JPG 1 0 0 816 612
p/banana011S(7).JPG 1 0 0 816 612
p/banana011S(6).JPG 1 0 0 816 612
p/banana011S(5).JPG 1 0 0 816 612
p/banana011S(4).JPG 1 0 0 816 612
p/banana011S(3).JPG 1 0 0 816 612
p/banana011S(2).JPG 1 0 0 816 612
p/banana011S(1).JPG 1 0 0 816 612
p/banana010T(8).JPG 1 0 0 816 612
p/banana010T(7).JPG 1 0 0 816 612
p/banana010T(6).JPG 1 0 0 816 612
p/banana010T(5).JPG 1 0 0 816 612
p/banana010T(4).JPG 1 0 0 816 612
p/banana010T(3).JPG 1 0 0 816 612
p/banana010T(2).JPG 1 0 0 816 612
p/banana010T(1).JPG 1 0 0 816 612
p/banana010S(8).JPG 1 0 0 816 612
p/banana010S(7).JPG 1 0 0 816 612
p/banana010S(6).JPG 1 0 0 816 612
p/banana010S(5).JPG 1 0 0 816 612
p/banana010S(4).JPG 1 0 0 816 612
p/banana010S(3).JPG 1 0 0 816 612
p/banana010S(2).JPG 1 0 0 816 612
p/banana010S(1).JPG 1 0 0 816 612
p/banana009T(8).JPG 1 0 0 816 612
p/banana009T(7).JPG 1 0 0 816 612
p/banana009T(6).JPG 1 0 0 816 612
p/banana009T(5).JPG 1 0 0 816 612
p/banana009T(4).JPG 1 0 0 816 612
p/banana009T(3).JPG 1 0 0 816 612
p/banana009T(2).JPG 1 0 0 816 612
p/banana009T(1).JPG 1 0 0 816 612
p/banana009S(8).JPG 1 0 0 816 612
p/banana009S(7).JPG 1 0 0 816 612
p/banana009S(6).JPG 1 0 0 816 612
p/banana009S(5).JPG 1 0 0 816 612
p/banana009S(4).JPG 1 0 0 816 612
p/banana009S(3).JPG 1 0 0 816 612
p/banana009S(2).JPG 1 0 0 816 612
p/banana009S(1).JPG 1 0 0 816 612
p/banana008T(5).JPG 1 0 0 816 612
p/banana008T(4).JPG 1 0 0 816 612
p/banana008T(3).JPG 1 0 0 816 612
p/banana008T(2).JPG 1 0 0 816 612
p/banana008T(1).JPG 1 0 0 816 612
p/banana008S(5).JPG 1 0 0 816 612
p/banana008S(4).JPG 1 0 0 816 612
p/banana008S(3).JPG 1 0 0 816 612
p/banana008S(2).JPG 1 0 0 816 612
p/banana008S(1).JPG 1 0 0 816 612
p/banana007T(3).JPG 1 0 0 816 612
p/banana007T(2).JPG 1 0 0 612 816
p/banana007T(1).JPG 1 0 0 816 612
p/banana007S(3).JPG 1 0 0 816 612
p/banana007S(2).JPG 1 0 0 816 612
p/banana007S(1).JPG 1 0 0 816 612
p/banana006T(3).JPG 1 0 0 612 816
p/banana006T(2).JPG 1 0 0 816 612
p/banana006T(1).JPG 1 0 0 816 612
p/banana006S(3).JPG 1 0 0 816 612
p/banana006S(2).JPG 1 0 0 816 612
p/banana006S(1).JPG 1 0 0 816 612
p/banana005T(3).JPG 1 0 0 816 612
p/banana005T(2).JPG 1 0 0 816 612
p/banana005T(1).JPG 1 0 0 816 612
p/banana005S(3).JPG 1 0 0 816 612
p/banana005S(2).JPG 1 0 0 816 612
p/banana005S(1).JPG 1 0 0 816 612
p/banana004T(3).JPG 1 0 0 816 612
p/banana004T(2).JPG 1 0 0 816 612
p/banana004T(1).JPG 1 0 0 816 612
p/banana004S(3).JPG 1 0 0 816 612
p/banana004S(2).JPG 1 0 0 816 612
p/banana004S(1).JPG 1 0 0 816 612
p/banana003T(2).JPG 1 0 0 612 816
p/banana003T(1).JPG 1 0 0 816 612
p/banana003S(3).JPG 1 0 0 816 612
p/banana003S(2).JPG 1 0 0 816 612
p/banana003S(1).JPG 1 0 0 816 612
p/banana002T(3).JPG 1 0 0 816 612
p/banana002T(2).JPG 1 0 0 816 612
p/banana002T(1).JPG 1 0 0 816 612
p/banana002S(3).JPG 1 0 0 816 612
p/banana002S(2).JPG 1 0 0 816 612
p/banana002S(1).JPG 1 0 0 816 612
p/banana001T(4).JPG 1 0 0 816 612
p/banana001T(3).JPG 1 0 0 816 612
p/banana001T(2).JPG 1 0 0 816 612
p/banana001T(1).JPG 1 0 0 816 612
p/banana001S(3).JPG 1 0 0 816 612
p/banana001S(2).JPG 1 0 0 816 612
p/banana001S(1).JPG 1 0 0 816 612
p/apple019T(7).JPG 1 0 0 504 378
p/apple019T(6).JPG 1 0 0 504 378
p/apple019T(5).JPG 1 0 0 504 378
p/apple019T(4).JPG 1 0 0 504 378
p/apple019T(3).JPG 1 0 0 504 378
p/apple019T(2).JPG 1 0 0 504 378
p/apple012S(1).JPG 1 0 0 816 612
p/apple011T(5).JPG 1 0 0 816 612
p/apple011T(4).JPG 1 0 0 816 612
p/apple011T(3).JPG 1 0 0 816 612
p/apple011T(2).JPG 1 0 0 816 612
p/apple011T(1).JPG 1 0 0 816 612
p/apple011S(5).JPG 1 0 0 816 612
p/apple011S(4).JPG 1 0 0 816 612
p/apple011S(3).JPG 1 0 0 816 612
p/apple011S(2).JPG 1 0 0 816 612
p/apple011S(1).JPG 1 0 0 816 612
p/apple010T(4).JPG 1 0 0 816 612
p/apple010T(3).JPG 1 0 0 816 612
p/apple010T(2).JPG 1 0 0 816 612
p/apple010T(1).JPG 1 0 0 816 612
p/apple010S(4).JPG 1 0 0 816 612
p/apple010S(3).JPG 1 0 0 816 612
p/apple010S(2).JPG 1 0 0 816 612
p/apple010S(1).JPG 1 0 0 816 612
p/apple009T(4).JPG 1 0 0 816 612
p/apple009T(3).JPG 1 0 0 816 612
p/apple009T(2).JPG 1 0 0 816 612
p/apple009T(1).JPG 1 0 0 816 612
p/apple009S(4).JPG 1 0 0 816 612
p/apple009S(3).JPG 1 0 0 816 612
p/apple009S(2).JPG 1 0 0 816 612
p/apple009S(1).JPG 1 0 0 816 612
p/apple008T(4).JPG 1 0 0 816 612
p/apple008T(3).JPG 1 0 0 816 612
p/apple008T(2).JPG 1 0 0 816 612
p/apple008T(1).JPG 1 0 0 816 612
p/apple008S(4).JPG 1 0 0 816 612
p/apple008S(3).JPG 1 0 0 816 612
p/apple008S(2).JPG 1 0 0 816 612
p/apple008S(1).JPG 1 0 0 816 612
p/apple007T(4).JPG 1 0 0 816 612
p/apple007T(3).JPG 1 0 0 816 612
p/apple007T(2).JPG 1 0 0 816 612
p/apple007T(1).JPG 1 0 0 816 612
p/apple007S(4).JPG 1 0 0 816 612
p/apple007S(3).JPG 1 0 0 816 612
p/apple007S(2).JPG 1 0 0 816 612
p/apple007S(1).JPG 1 0 0 816 612
p/apple006T(4).JPG 1 0 0 816 612
p/apple006T(3).JPG 1 0 0 816 612
p/apple006T(2).JPG 1 0 0 816 612
p/apple006T(1).JPG 1 0 0 816 612
p/apple006S(4).JPG 1 0 0 816 612
p/apple006S(3).JPG 1 0 0 816 612
p/apple006S(2).JPG 1 0 0 816 612
p/apple006S(1).JPG 1 0 0 816 612
p/apple005T(6).JPG 1 0 0 816 612
p/apple005T(5).JPG 1 0 0 816 612
p/apple005T(1).JPG 1 0 0 816 612
p/apple005S(6).JPG 1 0 0 816 612
p/apple005S(5).JPG 1 0 0 816 612
p/apple005S(1).JPG 1 0 0 816 612
p/apple004T(3).JPG 1 0 0 816 612
p/apple004T(2).JPG 1 0 0 816 612
p/apple004T(1).JPG 1 0 0 816 612
p/apple004S(4).JPG 1 0 0 816 612
p/apple004S(3).JPG 1 0 0 816 612
p/apple004S(2).JPG 1 0 0 816 612
p/apple004S(1).JPG 1 0 0 816 612
p/apple003T(2).JPG 1 0 0 816 612
p/apple003T(1).JPG 1 0 0 816 612
p/apple003S(6).JPG 1 0 0 816 612
p/apple003S(5).JPG 1 0 0 816 612
p/apple003S(4).JPG 1 0 0 816 612
p/apple003S(3).JPG 1 0 0 816 612
p/apple003S(2).JPG 1 0 0 816 612
p/apple003S(1).JPG 1 0 0 816 612
p/apple002T(6).JPG 1 0 0 816 612
p/apple002T(5).JPG 1 0 0 816 612
p/apple002T(4).JPG 1 0 0 816 612
p/apple002T(3).JPG 1 0 0 816 612
p/apple002T(2).JPG 1 0 0 816 612
p/apple002T(1).JPG 1 0 0 816 612
p/apple002S(8).JPG 1 0 0 816 612
p/apple002S(7).JPG 1 0 0 816 612
p/apple002S(6).JPG 1 0 0 816 612
p/apple002S(5).JPG 1 0 0 816 612
p/apple002S(4).JPG 1 0 0 816 612
p/apple002S(3).JPG 1 0 0 816 612
p/apple002S(2).JPG 1 0 0 816 612
p/apple002S(1).JPG 1 0 0 816 612
p/apple001T(2).JPG 1 0 0 816 612
p/apple001T(1).JPG 1 0 0 816 612
p/apple001S(2).JPG 1 0 0 816 587
p/apple001S(1).JPG 1 0 0 816 551
p/1637184733967.JPG 1 0 0 4320 2432
p/1637184733966.JPG 1 0 0 4320 2432
p/1637184733965.JPG 1 0 0 4320 2432
p/1637184733964.JPG 1 0 0 4320 2432
p/1637184733963.JPG 1 0 0 4320 2432
p/1637184733962.JPG 1 0 0 4320 2432
p/1637184733961.JPG 1 0 0 4320 2432
p/1637184733960.JPG 1 0 0 4320 2432
p/1637184733959.JPG 1 0 0 4320 2432
p/1637184733958.JPG 1 0 0 4320 2432
p/1637184733957.JPG 1 0 0 4320 2432
p/1637184733956.JPG 1 0 0 4320 2432
p/1637184733955.JPG 1 0 0 4320 2432
p/1637184733954.JPG 1 0 0 4320 2432
p/1637184733953.JPG 1 0 0 4320 2432
p/1637184733952.JPG 1 0 0 4320 2432
p/1637184733951.JPG 1 0 0 4320 2432
p/1637184733950.JPG 1 0 0 4320 2432
p/1637184733949.JPG 1 0 0 4320 2432
p/1637184733948.JPG 1 0 0 4320 2432
p/1637184733947.JPG 1 0 0 4320 2432
p/1637184733946.JPG 1 0 0 4320 2432
p/1637184733945.JPG 1 0 0 4320 2432
p/1637184733944.JPG 1 0 0 4320 2432
p/1637184733943.JPG 1 0 0 4320 2432
p/1637184733942.JPG 1 0 0 4320 2432
p/1637184733941.JPG 1 0 0 4320 2432
p/1637184733940.JPG 1 0 0 4320 2432
p/1637184733939.JPG 1 0 0 4320 2432
p/1637184733938.JPG 1 0 0 4320 2432
p/1637184733937.JPG 1 0 0 4320 2432
p/1637184733936.JPG 1 0 0 4320 2432
p/1637184733935.JPG 1 0 0 4320 2432
p/1637184733934.JPG 1 0 0 4320 2432
p/1637184733933.JPG 1 0 0 4320 2432
p/1637184733932.JPG 1 0 0 4320 2432
p/1637184733931.JPG 1 0 0 4320 2432
p/1637184733930.JPG 1 0 0 4320 2432
p/1637184733929.JPG 1 0 0 4320 2432
p/1637184733928.JPG 1 0 0 4320 2432
p/1637184733927.JPG 1 0 0 4320 2432
p/1637184733926.JPG 1 0 0 4320 2432
p/1637184733925.JPG 1 0 0 4320 2432
p/1637184733924.JPG 1 0 0 4320 2432
p/1637184733923.JPG 1 0 0 4320 2432
p/1637184733922.JPG 1 0 0 4320 2432
p/1637184733921.JPG 1 0 0 4320 2432
p/1637184733920.JPG 1 0 0 4320 2432
p/1637184733919.JPG 1 0 0 4320 2432
p/1637184733918.JPG 1 0 0 4320 2432
p/1637184734003.JPG 1 0 0 4320 2432
p/1637184734002.JPG 1 0 0 4320 2432
p/1637184734001.JPG 1 0 0 4320 2432
p/1637184734000.JPG 1 0 0 4320 2432
p/1637184733999.JPG 1 0 0 4320 2432
p/1637184733998.JPG 1 0 0 4320 2432
p/1637184733997.JPG 1 0 0 4320 2432
p/1637184733996.JPG 1 0 0 4320 2432
p/1637184733995.JPG 1 0 0 4320 2432
p/1637184733994.JPG 1 0 0 4320 2432
p/1637184733993.JPG 1 0 0 4320 2432
p/1637184733992.JPG 1 0 0 4320 2432
p/1637184733991.JPG 1 0 0 4320 2432
p/1637184733990.JPG 1 0 0 4320 2432
p/1637184733989.JPG 1 0 0 4320 2432
p/1637184733988.JPG 1 0 0 4320 2432
p/1637184733987.JPG 1 0 0 4320 2432
p/1637184733986.JPG 1 0 0 4320 2432
p/1637184733985.JPG 1 0 0 4320 2432
p/1637184733984.JPG 1 0 0 4320 2432
p/1637184733983.JPG 1 0 0 4320 2432
p/1637184733982.JPG 1 0 0 4320 2432
p/1637184733981.JPG 1 0 0 4320 2432
p/1637184733980.JPG 1 0 0 4320 2432
p/1637184733979.JPG 1 0 0 4320 2432
p/1637184733978.JPG 1 0 0 4320 2432
p/1637184733977.JPG 1 0 0 4320 2432
p/1637184733976.JPG 1 0 0 4320 2432
p/1637184733975.JPG 1 0 0 4320 2432
p/1637184733974.JPG 1 0 0 4320 2432
p/1637184733973.JPG 1 0 0 4320 2432
p/1637184733972.JPG 1 0 0 4320 2432
p/1637184733971.JPG 1 0 0 4320 2432
p/1637184733970.JPG 1 0 0 4320 2432
p/1637184733969.JPG 1 0 0 4320 2432
p/1637184733968.JPG 1 0 0 4320 2432
p/1637184777122.JPG 1 0 0 4320 2432
p/1637184777121.JPG 1 0 0 2432 4320
p/1637184777120.JPG 1 0 0 4320 2432
p/1637184777119.JPG 1 0 0 4320 2432
p/1637184777118.JPG 1 0 0 4320 2432
p/1637184777117.JPG 1 0 0 4320 2432
p/1637184777116.JPG 1 0 0 4320 2432
p/1637184777115.JPG 1 0 0 4320 2432
p/1637184777114.JPG 1 0 0 4320 2432
p/1637184777113.JPG 1 0 0 4320 2432
p/1637184777112.JPG 1 0 0 4320 2432
p/1637184777111.JPG 1 0 0 4320 2432
p/1637184777110.JPG 1 0 0 4320 2432
p/1637184777109.JPG 1 0 0 4320 2432
p/1637184777108.JPG 1 0 0 4320 2432
p/1637184777107.JPG 1 0 0 4320 2432
p/1637184777106.JPG 1 0 0 4320 2432
p/1637184777105.JPG 1 0 0 4320 2432
p/1637184777104.JPG 1 0 0 4320 2432
p/1637184777103.JPG 1 0 0 4320 2432
p/1637184777102.JPG 1 0 0 4320 2432
p/1637184777101.JPG 1 0 0 4320 2432
p/1637184777100.JPG 1 0 0 4320 2432
p/1637184777099.JPG 1 0 0 4320 2432
p/1637184777097.JPG 1 0 0 4320 2432
p/1637184975495.jpg 1 0 0 2448 3264
p/1637184934897.jpg 1 0 0 3264 2448
p/1637184934896.jpg 1 0 0 3264 2448
p/1637184934895.jpg 1 0 0 3264 2448
p/1637184934894.jpg 1 0 0 2448 3264
p/1637184934893.jpg 1 0 0 2448 3264
p/1637184934892.jpg 1 0 0 2448 3264
p/1637184934891.jpg 1 0 0 2448 3264
p/1637184934890.jpg 1 0 0 2448 3264
p/1637184934888.jpg 1 0 0 2448 3264
p/1637184934887.jpg 1 0 0 2448 3264
p/1637184934886.jpg 1 0 0 2448 3264
p/1637184952429.JPG 1 0 0 4320 2432
p/1637184952428.JPG 1 0 0 4320 2432
p/1637184952427.JPG 1 0 0 4320 2432
p/1637184952426.JPG 1 0 0 4320 2432
p/1637184952425.JPG 1 0 0 4320 2432
p/1637184952423.JPG 1 0 0 4320 2432
p/1637184952422.JPG 1 0 0 4320 2432
p/1637184952421.JPG 1 0 0 4320 2432
p/1637184952420.JPG 1 0 0 4320 2432
p/1637184952419.JPG 1 0 0 4320 2432
p/1637184952418.JPG 1 0 0 4320 2432
p/1637184952417.JPG 1 0 0 4320 2432
p/1637184952416.JPG 1 0 0 4320 2432
p/1637184952415.JPG 1 0 0 4320 2432
p/1637184952414.JPG 1 0 0 4320 2432
p/1637184952413.JPG 1 0 0 4320 2432
p/1637184952412.JPG 1 0 0 4320 2432
p/1637184952411.JPG 1 0 0 4320 2432
p/1637184952410.JPG 1 0 0 4320 2432
p/1637184952409.JPG 1 0 0 4320 2432
p/1637184952408.JPG 1 0 0 4320 2432
p/1637184975506.jpg 1 0 0 2448 3264
p/1637184975507.jpg 1 0 0 2448 3264
p/1637184975511.jpg 1 0 0 2448 3264
p/1637184975508.jpg 1 0 0 2448 3264
p/1637184975509.jpg 1 0 0 2448 3264
p/1637184975512.jpg 1 0 0 2448 3264
p/1637184975514.jpg 1 0 0 2448 3264
p/1637184975510.jpg 1 0 0 2448 3264
p/1637184975513.jpg 1 0 0 2448 3264
p/1637184975501.jpg 1 0 0 2448 3264
p/1637184975502.jpg 1 0 0 2448 3264
p/1637184975503.jpg 1 0 0 2448 3264
p/1637184975504.jpg 1 0 0 2448 3264
p/1637184975496.jpg 1 0 0 2448 3264
p/1637184975497.jpg 1 0 0 2448 3264
p/1637184975498.jpg 1 0 0 2448 3264
p/1637184975499.jpg 1 0 0 2448 3264
p/1637184975500.jpg 1 0 0 2448 3264
p/1637184975505.jpg 1 0 0 2448 3264
p/1637184975494.jpg 1 0 0 2448 3264
p/1637184975491.jpg 1 0 0 2448 3264
p/1637184975492.jpg 1 0 0 2448 3264
p/1637184975493.jpg 1 0 0 2448 3264
p/1637184934889.jpg 1 0 0 2448 3264
p/1637184934885.jpg 1 0 0 3264 2448
p/1637184934875.jpg 1 0 0 2448 3264
p/1637184934876.jpg 1 0 0 2448 3264
p/1637184934878.jpg 1 0 0 2448 3264
p/1637184934881.jpg 1 0 0 2448 3264
p/1637184934884.jpg 1 0 0 3264 2448
p/1637184934874.jpg 1 0 0 2448 3264
p/1637184934877.jpg 1 0 0 2448 3264
p/1637184934879.jpg 1 0 0 2448 3264
p/1637184934882.jpg 1 0 0 3264 2448
p/1637184934883.jpg 1 0 0 2448 3264
p/1637184934873.jpg 1 0 0 2448 3264
p/1637184934880.jpg 1 0 0 2448 3264
p/1637184934867.jpg 1 0 0 2448 3264
p/1637184934868.jpg 1 0 0 2448 3264
p/1637184934869.jpg 1 0 0 2448 3264
p/1637184934860.jpg 1 0 0 2448 3264
p/1637184934862.jpg 1 0 0 2448 3264
p/1637184934863.jpg 1 0 0 2448 3264
p/1637184934865.jpg 1 0 0 2448 3264
p/1637184934866.jpg 1 0 0 2448 3264
p/1637184934872.jpg 1 0 0 2448 3264
p/1637184934861.jpg 1 0 0 2448 3264
p/1637184934870.jpg 1 0 0 2448 3264